time="2024-10-19T13:03:19+03:00" level=info msg="Start application" func="main.main()" file="main.go:18"
time="2024-10-19T13:03:20+03:00" level=fatal msg="Error connecting to Edge: Post \"http://localhost:8080/wd/hub/session\": dial tcp [::1]:8080: connectex: No connection could be made because the target machine actively refused it." func="main.main()" file="main.go:32"
time="2024-10-19T13:08:01+03:00" level=info msg="Start application" func="main.main()" file="main.go:18"
time="2024-10-19T13:08:02+03:00" level=fatal msg="Error connecting to Edge: Post \"http://localhost:10000/wd/hub/session\": dial tcp [::1]:10000: connectex: No connection could be made because the target machine actively refused it." func="main.main()" file="main.go:32"
time="2024-10-19T13:08:17+03:00" level=info msg="Start application" func="main.main()" file="main.go:18"
time="2024-10-19T13:08:18+03:00" level=fatal msg="Error connecting to Edge: Post \"http://localhost:8080/wd/hub/session\": dial tcp [::1]:8080: connectex: No connection could be made because the target machine actively refused it." func="main.main()" file="main.go:32"
time="2024-10-19T14:00:56+03:00" level=info msg="Start application" func="main.main()" file="main.go:18"
time="2024-10-19T14:00:59+03:00" level=fatal msg="Error connecting to Edge: Post \"http://localhost:8080/wd/hub/session\": dial tcp [::1]:8080: connectex: No connection could be made because the target machine actively refused it." func="main.main()" file="main.go:32"
time="2024-10-19T14:01:24+03:00" level=info msg="Start application" func="main.main()" file="main.go:18"
time="2024-10-19T14:01:26+03:00" level=fatal msg="Error connecting to Edge: Post \"http://localhost:8080/wd/hub/session\": dial tcp [::1]:8080: connectex: No connection could be made because the target machine actively refused it." func="main.main()" file="main.go:32"
time="2024-10-19T14:03:23+03:00" level=info msg="Start application" func="main.main()" file="main.go:18"
time="2024-10-19T14:03:24+03:00" level=fatal msg="Error connecting to Edge: Post \"http://localhost:8080/wd/hub/session\": dial tcp [::1]:8080: connectex: No connection could be made because the target machine actively refused it." func="main.main()" file="main.go:32"
time="2024-10-19T14:07:05+03:00" level=info msg="Start application" func="main.main()" file="main.go:18"
time="2024-10-19T14:07:13+03:00" level=fatal msg="Error connecting to Edge: Post \"http://169.254.55.223:4444/session\": read tcp 169.254.55.223:63087->169.254.55.223:4444: wsarecv: An established connection was aborted by the software in your host machine." func="main.main()" file="main.go:33"
time="2024-10-19T14:09:15+03:00" level=info msg="Start application" func="main.main()" file="main.go:18"
time="2024-10-19T14:10:57+03:00" level=error msg="ОШИБКА: ошибка синтаксиса (примерное положение: \",\") (SQLSTATE 42601)" func="scraper-first/internal/service.(*ParserImpl).Parsing()" file="parser.go:141"
time="2024-10-19T14:10:57+03:00" level=fatal msg="Error in database" func="main.main()" file="main.go:48"
time="2024-10-19T14:13:02+03:00" level=info msg="Start application" func="main.main()" file="main.go:18"
time="2024-10-19T14:19:55+03:00" level=fatal msg="The end of catalogue of site" func="main.main()" file="main.go:48"
time="2024-10-19T17:22:37+03:00" level=info msg="Start application" func="main.main()" file="main.go:20"
time="2024-10-19T17:22:48+03:00" level=fatal msg="sql: unknown driver \"pgx\" (forgotten import?)" func="main.main()" file="main.go:50"
time="2024-10-19T17:24:47+03:00" level=info msg="Start application" func="main.main()" file="main.go:21"
time="2024-10-19T17:25:46+03:00" level=fatal msg="The end of catalogue of site" func="main.main()" file="main.go:62"
time="2024-10-19T17:37:52+03:00" level=info msg="Start application" func="main.main()" file="main.go:21"
time="2024-10-19T18:05:40+03:00" level=info msg="Start application" func="main.main()" file="main.go:21"
time="2024-10-19T19:27:11+03:00" level=info msg="Start application" func="main.main()" file="main.go:21"
time="2024-10-19T19:45:12+03:00" level=info msg="Start application" func="main.main()" file="main.go:21"
time="2024-10-19T19:47:33+03:00" level=info msg="Start application" func="main.main()" file="main.go:21"
time="2024-10-19T19:54:29+03:00" level=info msg="Start application" func="main.main()" file="main.go:21"
time="2024-10-19T19:54:50+03:00" level=error msg="ОШИБКА: значение не умещается в тип character varying(6) (SQLSTATE 22001)" func="scraper-first/internal/service.(*ParserImpl).Parsing()" file="parser.go:179"
time="2024-10-19T19:54:50+03:00" level=fatal msg="Database object creation error" func="main.main()" file="main.go:62"
time="2024-10-19T19:56:10+03:00" level=info msg="Start application" func="main.main()" file="main.go:21"
time="2024-10-19T19:56:33+03:00" level=error msg="ОШИБКА: значение не умещается в тип character varying(6) (SQLSTATE 22001)" func="scraper-first/internal/service.(*ParserImpl).Parsing()" file="parser.go:181"
time="2024-10-19T19:56:33+03:00" level=fatal msg="Database object creation error" func="main.main()" file="main.go:62"
time="2024-10-19T20:18:01+03:00" level=info msg="Start application" func="main.main()" file="main.go:21"
time="2024-10-19T20:36:41+03:00" level=info msg="Start application" func="main.main()" file="main.go:21"
time="2024-10-19T20:40:04+03:00" level=info msg="Start application" func="main.main()" file="main.go:21"
time="2024-10-20T14:23:40+03:00" level=info msg="Start application" func="main.main()" file="main.go:23"
time="2024-10-20T14:23:42+03:00" level=fatal msg="Error connecting to Edge: Post \"http://localhost:4444/wd/hub/session\": dial tcp [::1]:4444: connectex: No connection could be made because the target machine actively refused it." func="main.main()" file="main.go:38"
time="2024-10-20T14:25:32+03:00" level=info msg="Start application" func="main.main()" file="main.go:23"
time="2024-10-20T16:14:22+03:00" level=info msg="Start application" func="main.main()" file="main.go:26"
time="2024-10-20T16:18:58+03:00" level=info msg="Start application" func="main.main()" file="main.go:26"
time="2024-10-20T16:21:41+03:00" level=info msg="Start application" func="main.main()" file="main.go:26"
time="2024-10-20T16:25:03+03:00" level=error msg="number of field descriptions must equal number of destinations, got 14 and 12" func="scraper-first/internal/service.(*handler).GetList()" file="handler.go:42"
time="2024-10-20T16:35:41+03:00" level=info msg="Start application" func="main.main()" file="main.go:26"
time="2024-10-20T16:49:41+03:00" level=info msg="Start application" func="main.main()" file="main.go:26"
time="2024-10-20T16:58:15+03:00" level=info msg="Start application" func="main.main()" file="main.go:26"
time="2024-10-20T17:04:30+03:00" level=info msg="Start application" func="main.main()" file="main.go:26"
time="2024-10-20T17:10:22+03:00" level=info msg="Start application" func="main.main()" file="main.go:26"
time="2024-10-20T17:16:44+03:00" level=info msg="Start application" func="main.main()" file="main.go:26"
time="2024-10-20T17:18:31+03:00" level=error msg="ОШИБКА: ошибка синтаксиса (примерное положение: \"=\") (SQLSTATE 42601)" func="scraper-first/internal/service.(*handler).GetList()" file="handler.go:48"
time="2024-10-20T17:23:14+03:00" level=info msg="Start application" func="main.main()" file="main.go:26"
time="2024-10-20T17:25:51+03:00" level=error msg="failed to encode args[0]: unable to encode (func() string)(0xe7e560) into text format for text (OID 25): cannot find encode plan" func="scraper-first/internal/service.(*handler).GetList()" file="handler.go:48"
time="2024-10-20T17:27:42+03:00" level=info msg="Start application" func="main.main()" file="main.go:26"
time="2024-10-20T17:33:40+03:00" level=info msg="Start application" func="main.main()" file="main.go:26"
time="2024-10-20T17:39:03+03:00" level=info msg="Start application" func="main.main()" file="main.go:26"
time="2024-10-20T17:44:20+03:00" level=info msg="Start application" func="main.main()" file="main.go:26"
time="2024-10-20T17:48:48+03:00" level=info msg="Start application" func="main.main()" file="main.go:26"
time="2024-10-21T05:52:13+03:00" level=info msg="Start application" func="main.main()" file="main.go:26"
time="2024-10-21T05:52:14+03:00" level=fatal msg="Error connecting to Edge: Post \"http://localhost:4444/wd/hub/session\": dial tcp [::1]:4444: connectex: No connection could be made because the target machine actively refused it." func="main.main()" file="main.go:41"
time="2024-10-21T05:56:16+03:00" level=info msg="Start application" func="main.main()" file="main.go:26"
time="2024-10-21T05:59:22+03:00" level=info msg="Start application" func="main.main()" file="main.go:26"
time="2024-10-21T11:32:09+03:00" level=info msg="Start application" func="main.main()" file="main.go:26"
